app/build/intermediates/manifest_merge_blame_file/debug/manifest-merger-blame-debug-report.txt
1<?xml version="1.0" encoding="utf-8"?>
2<manifest xmlns:android="http://schemas.android.com/apk/res/android"
3    package="org.dieschnittstelle.mobile.android.activities"
4    android:versionCode="1"
5    android:versionName="1.0" >
6
7    <uses-sdk
8        android:minSdkVersion="14"
8-->src\main\AndroidManifest.xml
9        android:targetSdkVersion="27" />
9-->src\main\AndroidManifest.xml
10
11    <application
11-->src\main\AndroidManifest.xml:7:5-30:19
12        android:debuggable="true"
13        android:icon="@drawable/ic_launcher"
13-->src\main\AndroidManifest.xml:8:9-45
14        android:label="@string/app_name"
14-->src\main\AndroidManifest.xml:9:9-41
15        android:testOnly="true"
16        android:theme="@style/AppTheme" >
16-->src\main\AndroidManifest.xml:10:9-40
17        <activity
17-->src\main\AndroidManifest.xml:11:9-19:20
18            android:name="org.dieschnittstelle.mobile.android.activities.Anna"
18-->src\main\AndroidManifest.xml:13:13-79
19            android:label="@string/caller_name" >
19-->src\main\AndroidManifest.xml:12:13-48
20
21            <!-- intent filter für Aufruf beim Start der app -->
22            <intent-filter>
22-->src\main\AndroidManifest.xml:15:13-18:29
23                <action android:name="android.intent.action.MAIN" />
23-->src\main\AndroidManifest.xml:16:17-69
23-->src\main\AndroidManifest.xml:16:25-66
24
25                <category android:name="android.intent.category.LAUNCHER" />
25-->src\main\AndroidManifest.xml:17:17-77
25-->src\main\AndroidManifest.xml:17:27-74
26            </intent-filter>
27        </activity>
28        <activity
28-->src\main\AndroidManifest.xml:20:9-29:20
29            android:name="org.dieschnittstelle.mobile.android.activities.Beate"
29-->src\main\AndroidManifest.xml:22:13-80
30            android:label="@string/callee_name" >
30-->src\main\AndroidManifest.xml:21:13-48
31
32            <!-- intent filter für Aufruf mit Aktionsbezeichner -->
33            <intent-filter>
33-->src\main\AndroidManifest.xml:24:13-28:29
34                <action android:name="org.dieschnittstelle.SHOW_INPUT" />
34-->src\main\AndroidManifest.xml:25:17-74
34-->src\main\AndroidManifest.xml:25:25-71
35
36                <category android:name="android.intent.category.DEFAULT" />
36-->src\main\AndroidManifest.xml:27:17-76
36-->src\main\AndroidManifest.xml:27:27-73
37            </intent-filter>
38        </activity>
39    </application>
40
41</manifest>